<?xml version="1.0" encoding="UTF-8"?>
<coverage generated="1726350208760" clover="3.2.0">
  <project timestamp="1726350208760" name="All files">
    <metrics statements="15" coveredstatements="14" conditionals="19" coveredconditionals="17" methods="4" coveredmethods="4" elements="38" coveredelements="35" complexity="0" loc="15" ncloc="15" packages="1" files="1" classes="1"/>
    <file name="sortByObject.ts" path="/Users/khalil/perso/sort-by-object/src/lib/sortByObject.ts">
      <metrics statements="15" coveredstatements="14" conditionals="19" coveredconditionals="17" methods="4" coveredmethods="4"/>
      <line num="4" count="46" type="stmt"/>
      <line num="5" count="78" type="cond" truecount="3" falsecount="0"/>
      <line num="6" count="78" type="stmt"/>
      <line num="8" count="0" type="stmt"/>
      <line num="18" count="1" type="stmt"/>
      <line num="19" count="24" type="cond" truecount="4" falsecount="0"/>
      <line num="22" count="8" type="cond" truecount="2" falsecount="0"/>
      <line num="24" count="8" type="stmt"/>
      <line num="25" count="23" type="stmt"/>
      <line num="26" count="23" type="stmt"/>
      <line num="28" count="23" type="cond" truecount="3" falsecount="0"/>
      <line num="29" count="12" type="cond" truecount="1" falsecount="1"/>
      <line num="32" count="11" type="cond" truecount="3" falsecount="0"/>
      <line num="33" count="8" type="cond" truecount="1" falsecount="1"/>
      <line num="36" count="3" type="stmt"/>
    </file>
  </project>
</coverage>
