<?xml version="1.0" encoding="UTF-8"?>
<coverage generated="1726349321322" clover="3.2.0">
  <project timestamp="1726349321322" name="All files">
    <metrics statements="13" coveredstatements="12" conditionals="14" coveredconditionals="13" methods="4" coveredmethods="4" elements="31" coveredelements="29" complexity="0" loc="13" ncloc="13" packages="1" files="1" classes="1"/>
    <file name="sortByObject.ts" path="/Users/khalil/perso/sort-by-object/src/lib/sortByObject.ts">
      <metrics statements="13" coveredstatements="12" conditionals="14" coveredconditionals="13" methods="4" coveredmethods="4"/>
      <line num="4" count="34" type="stmt"/>
      <line num="5" count="58" type="cond" truecount="3" falsecount="0"/>
      <line num="6" count="58" type="stmt"/>
      <line num="8" count="0" type="stmt"/>
      <line num="11" count="10" type="cond" truecount="1" falsecount="0"/>
      <line num="12" count="7" type="stmt"/>
      <line num="13" count="17" type="stmt"/>
      <line num="14" count="17" type="stmt"/>
      <line num="16" count="17" type="cond" truecount="3" falsecount="0"/>
      <line num="17" count="10" type="cond" truecount="2" falsecount="0"/>
      <line num="20" count="7" type="cond" truecount="3" falsecount="0"/>
      <line num="21" count="4" type="cond" truecount="1" falsecount="1"/>
      <line num="23" count="3" type="stmt"/>
    </file>
  </project>
</coverage>
