{"/Users/khalil/perso/sort-by-object/src/lib/sortByObject.ts": {"path":"/Users/khalil/perso/sort-by-object/src/lib/sortByObject.ts","statementMap":{"0":{"start":{"line":11,"column":0},"end":{"line":11,"column":16}},"1":{"start":{"line":4,"column":1},"end":{"line":9,"column":9}},"2":{"start":{"line":5,"column":2},"end":{"line":7,"column":3}},"3":{"start":{"line":6,"column":3},"end":{"line":6,"column":19}},"4":{"start":{"line":8,"column":2},"end":{"line":8,"column":19}},"5":{"start":{"line":11,"column":75},"end":{"line":11,"column":null}},"6":{"start":{"line":12,"column":1},"end":{"line":24,"column":4}},"7":{"start":{"line":13,"column":15},"end":{"line":13,"column":41}},"8":{"start":{"line":14,"column":15},"end":{"line":14,"column":41}},"9":{"start":{"line":16,"column":2},"end":{"line":18,"column":3}},"10":{"start":{"line":17,"column":3},"end":{"line":17,"column":80}},"11":{"start":{"line":20,"column":2},"end":{"line":22,"column":3}},"12":{"start":{"line":21,"column":3},"end":{"line":21,"column":54}},"13":{"start":{"line":23,"column":2},"end":{"line":23,"column":11}}},"fnMap":{"0":{"name":"getNestedValue","decl":{"start":{"line":3,"column":9},"end":{"line":3,"column":23}},"loc":{"start":{"line":3,"column":61},"end":{"line":10,"column":1}}},"1":{"name":"(anonymous_1)","decl":{"start":{"line":4,"column":20},"end":{"line":4,"column":21}},"loc":{"start":{"line":4,"column":34},"end":{"line":9,"column":2}}},"2":{"name":"sortByObject","decl":{"start":{"line":11,"column":16},"end":{"line":11,"column":28}},"loc":{"start":{"line":11,"column":99},"end":{"line":25,"column":1}}},"3":{"name":"(anonymous_3)","decl":{"start":{"line":12,"column":19},"end":{"line":12,"column":20}},"loc":{"start":{"line":12,"column":24},"end":{"line":24,"column":2}}}},"branchMap":{"0":{"loc":{"start":{"line":5,"column":2},"end":{"line":7,"column":3}},"type":"if","locations":[{"start":{"line":5,"column":2},"end":{"line":7,"column":3}}]},"1":{"loc":{"start":{"line":5,"column":6},"end":{"line":5,"column":36}},"type":"binary-expr","locations":[{"start":{"line":5,"column":6},"end":{"line":5,"column":9}},{"start":{"line":5,"column":13},"end":{"line":5,"column":36}}]},"2":{"loc":{"start":{"line":11,"column":75},"end":{"line":11,"column":null}},"type":"if","locations":[{"start":{"line":11,"column":75},"end":{"line":11,"column":null}}]},"3":{"loc":{"start":{"line":16,"column":2},"end":{"line":18,"column":3}},"type":"if","locations":[{"start":{"line":16,"column":2},"end":{"line":18,"column":3}}]},"4":{"loc":{"start":{"line":16,"column":6},"end":{"line":16,"column":58}},"type":"binary-expr","locations":[{"start":{"line":16,"column":6},"end":{"line":16,"column":30}},{"start":{"line":16,"column":34},"end":{"line":16,"column":58}}]},"5":{"loc":{"start":{"line":17,"column":10},"end":{"line":17,"column":79}},"type":"cond-expr","locations":[{"start":{"line":17,"column":28},"end":{"line":17,"column":52}},{"start":{"line":17,"column":55},"end":{"line":17,"column":79}}]},"6":{"loc":{"start":{"line":20,"column":2},"end":{"line":22,"column":3}},"type":"if","locations":[{"start":{"line":20,"column":2},"end":{"line":22,"column":3}}]},"7":{"loc":{"start":{"line":20,"column":6},"end":{"line":20,"column":58}},"type":"binary-expr","locations":[{"start":{"line":20,"column":6},"end":{"line":20,"column":30}},{"start":{"line":20,"column":34},"end":{"line":20,"column":58}}]},"8":{"loc":{"start":{"line":21,"column":10},"end":{"line":21,"column":53}},"type":"cond-expr","locations":[{"start":{"line":21,"column":28},"end":{"line":21,"column":39}},{"start":{"line":21,"column":42},"end":{"line":21,"column":53}}]}},"s":{"0":1,"1":34,"2":58,"3":58,"4":0,"5":10,"6":7,"7":17,"8":17,"9":17,"10":10,"11":7,"12":4,"13":3},"f":{"0":34,"1":58,"2":7,"3":17},"b":{"0":[58],"1":[58,58],"2":[3],"3":[10],"4":[17,11],"5":[8,2],"6":[4],"7":[7,4],"8":[0,4]}}
}
