{"/Users/khalil/perso/sort-by-object/src/lib/sortByObject.ts": {"path":"/Users/khalil/perso/sort-by-object/src/lib/sortByObject.ts","statementMap":{"0":{"start":{"line":18,"column":0},"end":{"line":18,"column":16}},"1":{"start":{"line":4,"column":1},"end":{"line":9,"column":9}},"2":{"start":{"line":5,"column":2},"end":{"line":7,"column":3}},"3":{"start":{"line":6,"column":3},"end":{"line":6,"column":19}},"4":{"start":{"line":8,"column":2},"end":{"line":8,"column":19}},"5":{"start":{"line":19,"column":51},"end":{"line":19,"column":59}},"6":{"start":{"line":19,"column":23},"end":{"line":19,"column":33}},"7":{"start":{"line":19,"column":39},"end":{"line":19,"column":51}},"8":{"start":{"line":22,"column":21},"end":{"line":22,"column":48}},"9":{"start":{"line":24,"column":1},"end":{"line":37,"column":4}},"10":{"start":{"line":25,"column":15},"end":{"line":25,"column":41}},"11":{"start":{"line":26,"column":15},"end":{"line":26,"column":41}},"12":{"start":{"line":28,"column":2},"end":{"line":30,"column":3}},"13":{"start":{"line":29,"column":3},"end":{"line":29,"column":80}},"14":{"start":{"line":32,"column":2},"end":{"line":34,"column":3}},"15":{"start":{"line":33,"column":3},"end":{"line":33,"column":54}},"16":{"start":{"line":36,"column":2},"end":{"line":36,"column":11}}},"fnMap":{"0":{"name":"getNestedValue","decl":{"start":{"line":3,"column":9},"end":{"line":3,"column":23}},"loc":{"start":{"line":3,"column":79},"end":{"line":10,"column":1}}},"1":{"name":"(anonymous_2)","decl":{"start":{"line":4,"column":20},"end":{"line":4,"column":21}},"loc":{"start":{"line":4,"column":34},"end":{"line":9,"column":2}}},"2":{"name":"sortByObject","decl":{"start":{"line":18,"column":16},"end":{"line":18,"column":28}},"loc":{"start":{"line":18,"column":64},"end":{"line":38,"column":1}}},"3":{"name":"(anonymous_4)","decl":{"start":{"line":24,"column":25},"end":{"line":24,"column":26}},"loc":{"start":{"line":24,"column":30},"end":{"line":37,"column":2}}}},"branchMap":{"0":{"loc":{"start":{"line":5,"column":2},"end":{"line":7,"column":3}},"type":"if","locations":[{"start":{"line":5,"column":2},"end":{"line":7,"column":3}}]},"1":{"loc":{"start":{"line":5,"column":6},"end":{"line":5,"column":36}},"type":"binary-expr","locations":[{"start":{"line":5,"column":6},"end":{"line":5,"column":9}},{"start":{"line":5,"column":13},"end":{"line":5,"column":36}}]},"2":{"loc":{"start":{"line":19,"column":23},"end":{"line":19,"column":33}},"type":"cond-expr","locations":[{"start":{"line":19,"column":26},"end":{"line":19,"column":31}},{"start":{"line":19,"column":31},"end":{"line":19,"column":33}}]},"3":{"loc":{"start":{"line":19,"column":39},"end":{"line":19,"column":51}},"type":"cond-expr","locations":[{"start":{"line":19,"column":42},"end":{"line":19,"column":46}},{"start":{"line":19,"column":46},"end":{"line":19,"column":51}}]},"4":{"loc":{"start":{"line":22,"column":21},"end":{"line":22,"column":48}},"type":"cond-expr","locations":[{"start":{"line":22,"column":30},"end":{"line":22,"column":35}},{"start":{"line":22,"column":37},"end":{"line":22,"column":48}}]},"5":{"loc":{"start":{"line":28,"column":2},"end":{"line":30,"column":3}},"type":"if","locations":[{"start":{"line":28,"column":2},"end":{"line":30,"column":3}}]},"6":{"loc":{"start":{"line":28,"column":6},"end":{"line":28,"column":58}},"type":"binary-expr","locations":[{"start":{"line":28,"column":6},"end":{"line":28,"column":30}},{"start":{"line":28,"column":34},"end":{"line":28,"column":58}}]},"7":{"loc":{"start":{"line":29,"column":10},"end":{"line":29,"column":79}},"type":"cond-expr","locations":[{"start":{"line":29,"column":28},"end":{"line":29,"column":52}},{"start":{"line":29,"column":55},"end":{"line":29,"column":79}}]},"8":{"loc":{"start":{"line":32,"column":2},"end":{"line":34,"column":3}},"type":"if","locations":[{"start":{"line":32,"column":2},"end":{"line":34,"column":3}}]},"9":{"loc":{"start":{"line":32,"column":6},"end":{"line":32,"column":58}},"type":"binary-expr","locations":[{"start":{"line":32,"column":6},"end":{"line":32,"column":30}},{"start":{"line":32,"column":34},"end":{"line":32,"column":58}}]},"10":{"loc":{"start":{"line":33,"column":10},"end":{"line":33,"column":53}},"type":"cond-expr","locations":[{"start":{"line":33,"column":28},"end":{"line":33,"column":39}},{"start":{"line":33,"column":42},"end":{"line":33,"column":53}}]}},"s":{"0":1,"1":46,"2":78,"3":78,"4":0,"5":24,"6":8,"7":8,"8":8,"9":8,"10":23,"11":23,"12":23,"13":12,"14":11,"15":8,"16":3},"f":{"0":46,"1":78,"2":8,"3":23},"b":{"0":[78],"1":[78,78],"2":[4,4],"3":[2,6],"4":[2,6],"5":[12],"6":[23,13],"7":[12,0],"8":[8],"9":[11,8],"10":[8,0]}}
}
