TN:
SF:src/lib/sortByObject.ts
FN:3,getNestedValue
FN:4,(anonymous_1)
FN:11,sortByObject
FN:12,(anonymous_3)
FNF:4
FNH:4
FNDA:34,getNestedValue
FNDA:58,(anonymous_1)
FNDA:7,sortByObject
FNDA:17,(anonymous_3)
DA:4,34
DA:5,58
DA:6,58
DA:8,0
DA:11,10
DA:12,7
DA:13,17
DA:14,17
DA:16,17
DA:17,10
DA:20,7
DA:21,4
DA:23,3
LF:13
LH:12
BRDA:5,0,0,58
BRDA:5,1,0,58
BRDA:5,1,1,58
BRDA:11,2,0,3
BRDA:16,3,0,10
BRDA:16,4,0,17
BRDA:16,4,1,11
BRDA:17,5,0,8
BRDA:17,5,1,2
BRDA:20,6,0,4
BRDA:20,7,0,7
BRDA:20,7,1,4
BRDA:21,8,0,0
BRDA:21,8,1,4
BRF:14
BRH:13
end_of_record
