TN:
SF:src/lib/sortByObject.ts
FN:3,getNestedValue
FN:4,(anonymous_2)
FN:18,sortByObject
FN:24,(anonymous_4)
FNF:4
FNH:4
FNDA:46,getNestedValue
FNDA:78,(anonymous_2)
FNDA:8,sortByObject
FNDA:23,(anonymous_4)
DA:4,46
DA:5,78
DA:6,78
DA:8,0
DA:18,1
DA:19,24
DA:22,8
DA:24,8
DA:25,23
DA:26,23
DA:28,23
DA:29,12
DA:32,11
DA:33,8
DA:36,3
LF:15
LH:14
BRDA:5,0,0,78
BRDA:5,1,0,78
BRDA:5,1,1,78
BRDA:19,2,0,4
BRDA:19,2,1,4
BRDA:19,3,0,2
BRDA:19,3,1,6
BRDA:22,4,0,2
BRDA:22,4,1,6
BRDA:28,5,0,12
BRDA:28,6,0,23
BRDA:28,6,1,13
BRDA:29,7,0,12
BRDA:29,7,1,0
BRDA:32,8,0,8
BRDA:32,9,0,11
BRDA:32,9,1,8
BRDA:33,10,0,8
BRDA:33,10,1,0
BRF:19
BRH:17
end_of_record
